0 info it worked if it ends with ok
1 verbose cli [
1 verbose cli   'C:\\Program Files\\nodejs\\node.exe',
1 verbose cli   'C:\\Users\\Belive\\AppData\\Roaming\\npm\\node_modules\\npm\\bin\\npm-cli.js',
1 verbose cli   'update'
1 verbose cli ]
2 info using npm@4.0.0
3 info using node@v16.13.1
4 verbose stack TypeError: cb.apply is not a function
4 verbose stack     at C:\Users\Belive\AppData\Roaming\npm\node_modules\npm\node_modules\graceful-fs\polyfills.js:267:18
4 verbose stack     at FSReqCallback.oncomplete (node:fs:199:5)
5 verbose cwd D:\PROJECT\Homeloanfrontend
6 error Windows_NT 10.0.19043
7 error argv "C:\\Program Files\\nodejs\\node.exe" "C:\\Users\\Belive\\AppData\\Roaming\\npm\\node_modules\\npm\\bin\\npm-cli.js" "update"
8 error node v16.13.1
9 error npm  v4.0.0
10 error cb.apply is not a function
11 error If you need help, you may report this error at:
11 error     <https://github.com/npm/npm/issues>
12 verbose exit [ 1, true ]
